<?xml version="1.0" encoding="UTF-8"?>
<robot generator="Robot 4.0.1 (Python 3.8.2 on win32)" generated="20211002 23:32:24.761" rpa="false" schemaversion="2">
<suite id="s1" name="Equipos" source="C:\RobotXpert\rocklov\frontend\tests\equipos.robot">
<test id="s1-t1" name="Add new Equipo">
<kw name="Start Session" library="base" type="SETUP">
<kw name="New Browser" library="Browser">
<arg>firefox</arg>
<arg>False</arg>
<tag>BrowserControl</tag>
<tag>Setter</tag>
<doc>Create a new playwright Browser with specified options.
See `Browser, Context and Page` for more information about Browser and related concepts.</doc>
<msg timestamp="20211002 23:32:26.303" level="INFO">{"browser": "firefox", "headless": false, "handleSIGINT": true, "handleSIGTERM": true, "handleSIGHUP": true, "timeout": 30000.0, "devtools": false, "slowMo": 0.0}</msg>
<msg timestamp="20211002 23:32:31.363" level="INFO">Successfully created browser with options: {"browser":"firefox","headless":false,"handleSIGINT":true,"handleSIGTERM":true,"handleSIGHUP":true,"timeout":30000,"devtools":false,"slowMo":0}</msg>
<status status="PASS" starttime="20211002 23:32:26.302" endtime="20211002 23:32:31.364"/>
</kw>
<kw name="New Page" library="Browser">
<arg>https://rocklov-web-max.herokuapp.com</arg>
<tag>BrowserControl</tag>
<tag>Setter</tag>
<doc>Open a new Page. A Page is the Playwright equivalent to a tab.
See `Browser, Context and Page` for more information about Page concept.
Returns a stable identifier for the created page.</doc>
<msg timestamp="20211002 23:32:35.584" level="INFO">Successfully initialized new page object and opened url: https://rocklov-web-max.herokuapp.com</msg>
<status status="PASS" starttime="20211002 23:32:31.364" endtime="20211002 23:32:35.584"/>
</kw>
<status status="PASS" starttime="20211002 23:32:26.302" endtime="20211002 23:32:35.584"/>
</kw>
<kw name="Get Equipo" library="helpers">
<var>${equipo}</var>
<arg>fender</arg>
<kw name="Get File" library="OperatingSystem">
<var>${fixture}</var>
<arg>${EXECDIR}/resources/fixtures/equipos.json</arg>
<doc>Returns the contents of a specified file.</doc>
<msg timestamp="20211002 23:32:35.586" level="INFO" html="true">Getting file '&lt;a href="file://C:\RobotXpert\rocklov\frontend\resources\fixtures\equipos.json"&gt;C:\RobotXpert\rocklov\frontend\resources\fixtures\equipos.json&lt;/a&gt;'.</msg>
<msg timestamp="20211002 23:32:35.587" level="INFO">${fixture} = {
    "violao": {
        "thumbnail": "violao.png",
        "name": "Violão de 12 cordas",
        "category": "Cordas",
        "price": 350
    },
    "fender": {
        "thumbnail": "guitarra-str...</msg>
<status status="PASS" starttime="20211002 23:32:35.586" endtime="20211002 23:32:35.587"/>
</kw>
<kw name="Evaluate" library="BuiltIn">
<var>${json}</var>
<arg>json.loads($fixture)</arg>
<arg>json</arg>
<doc>Evaluates the given expression in Python and returns the result.</doc>
<msg timestamp="20211002 23:32:35.592" level="INFO">${json} = {'violao': {'thumbnail': 'violao.png', 'name': 'Violão de 12 cordas', 'category': 'Cordas', 'price': 350}, 'fender': {'thumbnail': 'guitarra-strato.png', 'name': 'Fender Strato', 'category': 'Cordas',...</msg>
<status status="PASS" starttime="20211002 23:32:35.587" endtime="20211002 23:32:35.592"/>
</kw>
<kw name="Set Variable" library="BuiltIn">
<var>${select_equipo}</var>
<arg>${json}[${equipo}]</arg>
<doc>Returns the given values which can then be assigned to a variables.</doc>
<msg timestamp="20211002 23:32:35.593" level="INFO">${select_equipo} = {'thumbnail': 'guitarra-strato.png', 'name': 'Fender Strato', 'category': 'Cordas', 'price': 150}</msg>
<status status="PASS" starttime="20211002 23:32:35.592" endtime="20211002 23:32:35.593"/>
</kw>
<msg timestamp="20211002 23:32:35.593" level="INFO">${equipo} = {'thumbnail': 'guitarra-strato.png', 'name': 'Fender Strato', 'category': 'Cordas', 'price': 150}</msg>
<status status="PASS" starttime="20211002 23:32:35.585" endtime="20211002 23:32:35.593"/>
</kw>
<kw name="Remove Equipo" library="mongo">
<arg>${equipo}[name]</arg>
<status status="PASS" starttime="20211002 23:32:35.595" endtime="20211002 23:32:35.769"/>
</kw>
<kw name="Login With" library="login_actions">
<arg>felipe@gmail.com</arg>
<arg>mudar123</arg>
<arg>NONE</arg>
<kw name="Fill Text" library="Browser">
<arg>css=input[placeholder$=email]</arg>
<arg>${email}</arg>
<tag>PageContent</tag>
<tag>Setter</tag>
<doc>Clears and fills the given ``text`` into the text field found by ``selector``.</doc>
<msg timestamp="20211002 23:32:35.771" level="INFO">Fills the text 'felipe@gmail.com' in the given field.</msg>
<status status="PASS" starttime="20211002 23:32:35.770" endtime="20211002 23:32:35.843"/>
</kw>
<kw name="Fill Text" library="Browser">
<arg>css=input[placeholder*="senha"]</arg>
<arg>${pass}</arg>
<tag>PageContent</tag>
<tag>Setter</tag>
<doc>Clears and fills the given ``text`` into the text field found by ``selector``.</doc>
<msg timestamp="20211002 23:32:35.844" level="INFO">Fills the text 'mudar123' in the given field.</msg>
<status status="PASS" starttime="20211002 23:32:35.844" endtime="20211002 23:32:35.877"/>
</kw>
<kw name="Click" library="Browser">
<arg>text=Entrar</arg>
<tag>PageContent</tag>
<tag>Setter</tag>
<doc>Simulates mouse click on the element found by ``selector``.</doc>
<status status="PASS" starttime="20211002 23:32:35.879" endtime="20211002 23:32:35.955"/>
</kw>
<kw name="Take Screenshot" library="Browser">
<tag>PageContent</tag>
<doc>Takes a screenshot of the current window and saves it to ``path``. Saves it as a png.</doc>
<msg timestamp="20211002 23:32:36.159" level="INFO" html="true">&lt;/td&gt;&lt;/tr&gt;&lt;tr&gt;&lt;td colspan="3"&gt;&lt;a href="browser/screenshot/robotframework-browser-screenshot-1.png"&gt;&lt;img src="browser/screenshot/robotframework-browser-screenshot-1.png" width="800px"&gt;&lt;/a&gt;</msg>
<status status="PASS" starttime="20211002 23:32:35.956" endtime="20211002 23:32:36.159"/>
</kw>
<status status="PASS" starttime="20211002 23:32:35.770" endtime="20211002 23:32:36.160"/>
</kw>
<kw name="Go to Equipo Form" library="equipo_actions">
<kw name="Click" library="Browser">
<arg>text=Criar anúncio</arg>
<tag>PageContent</tag>
<tag>Setter</tag>
<doc>Simulates mouse click on the element found by ``selector``.</doc>
<status status="PASS" starttime="20211002 23:32:36.161" endtime="20211002 23:32:37.904"/>
</kw>
<kw name="Wait For Elements State" library="Browser">
<arg>id=equipoForm</arg>
<arg>visible</arg>
<arg>5</arg>
<tag>PageContent</tag>
<tag>Wait</tag>
<doc>Waits for the element found by ``selector`` to satisfy state option.</doc>
<msg timestamp="20211002 23:32:37.927" level="INFO">Wait for Element with selector: id=equipoForm</msg>
<status status="PASS" starttime="20211002 23:32:37.904" endtime="20211002 23:32:37.927"/>
</kw>
<status status="PASS" starttime="20211002 23:32:36.160" endtime="20211002 23:32:37.927"/>
</kw>
<kw name="Submit Equipo Form" library="equipo_actions">
<arg>${equipo}</arg>
<kw name="Set Variable" library="BuiltIn">
<var>${thumb}</var>
<arg>${EXECDIR}/resources/fixtures/thumbnails/${equipo}[thumbnail]</arg>
<doc>Returns the given values which can then be assigned to a variables.</doc>
<msg timestamp="20211002 23:32:37.929" level="INFO">${thumb} = C:\RobotXpert\rocklov\frontend/resources/fixtures/thumbnails/guitarra-strato.png</msg>
<status status="PASS" starttime="20211002 23:32:37.929" endtime="20211002 23:32:37.929"/>
</kw>
<kw name="Promise To Upload File" library="Browser">
<var>${promise}</var>
<arg>${thumb}</arg>
<tag>PageContent</tag>
<tag>Setter</tag>
<doc>Returns a promise that resolves when file from ``path`` has been uploaded.
Fails if the upload has not happened during timeout.</doc>
<msg timestamp="20211002 23:32:37.932" level="INFO">${promise} = &lt;Future at 0x59a8478 state=running&gt;</msg>
<status status="PASS" starttime="20211002 23:32:37.930" endtime="20211002 23:32:37.932"/>
</kw>
<kw name="Click" library="Browser">
<arg>id=thumbnail</arg>
<tag>PageContent</tag>
<tag>Setter</tag>
<doc>Simulates mouse click on the element found by ``selector``.</doc>
<status status="PASS" starttime="20211002 23:32:37.932" endtime="20211002 23:32:38.208"/>
</kw>
<kw name="Wait For" library="Browser">
<arg>${promise}</arg>
<tag>Wait</tag>
<doc>Waits for promises to finish and returns results from them.
Returns one result if one promise waited. Otherwise returns an array of results.
If one fails, then this keyword will fail.</doc>
<status status="PASS" starttime="20211002 23:32:38.208" endtime="20211002 23:32:38.236"/>
</kw>
<kw name="Fill Text" library="Browser">
<arg>id=name</arg>
<arg>${equipo}[name]</arg>
<tag>PageContent</tag>
<tag>Setter</tag>
<doc>Clears and fills the given ``text`` into the text field found by ``selector``.</doc>
<msg timestamp="20211002 23:32:38.237" level="INFO">Fills the text 'Fender Strato' in the given field.</msg>
<status status="PASS" starttime="20211002 23:32:38.236" endtime="20211002 23:32:38.261"/>
</kw>
<kw name="Select Options By" library="Browser">
<arg>id=category</arg>
<arg>value</arg>
<arg>${equipo}[category]</arg>
<tag>PageContent</tag>
<tag>Setter</tag>
<doc>Selects options from select element found by ``selector``.</doc>
<status status="PASS" starttime="20211002 23:32:38.261" endtime="20211002 23:32:38.291"/>
</kw>
<kw name="Fill Text" library="Browser">
<arg>id=price</arg>
<arg>${equipo}[price]</arg>
<tag>PageContent</tag>
<tag>Setter</tag>
<doc>Clears and fills the given ``text`` into the text field found by ``selector``.</doc>
<msg timestamp="20211002 23:32:38.291" level="INFO">Fills the text '150' in the given field.</msg>
<status status="PASS" starttime="20211002 23:32:38.291" endtime="20211002 23:32:38.320"/>
</kw>
<kw name="Click" library="Browser">
<arg>text=Cadastrar</arg>
<tag>PageContent</tag>
<tag>Setter</tag>
<doc>Simulates mouse click on the element found by ``selector``.</doc>
<status status="PASS" starttime="20211002 23:32:38.321" endtime="20211002 23:32:38.393"/>
</kw>
<status status="PASS" starttime="20211002 23:32:37.928" endtime="20211002 23:32:38.393"/>
</kw>
<kw name="Sleep" library="BuiltIn">
<arg>5</arg>
<doc>Pauses the test executed for the given time.</doc>
<msg timestamp="20211002 23:32:43.395" level="INFO">Slept 5 seconds</msg>
<status status="PASS" starttime="20211002 23:32:38.394" endtime="20211002 23:32:43.395"/>
</kw>
<status status="PASS" starttime="20211002 23:32:26.299" endtime="20211002 23:32:43.396"/>
</test>
<doc>Equipos Tests</doc>
<status status="PASS" starttime="20211002 23:32:24.763" endtime="20211002 23:32:43.465"/>
</suite>
<statistics>
<total>
<stat pass="1" fail="0" skip="0">All Tests</stat>
</total>
<tag>
</tag>
<suite>
<stat pass="1" fail="0" skip="0" id="s1" name="Equipos">Equipos</stat>
</suite>
</statistics>
<errors>
</errors>
</robot>
